<?xml version="1.0" encoding="UTF-8"?>
<!-- Generated by org.testng.reporters.JUnitReportReporter -->
<testsuite hostname="DESKTOP-KUI21LC" failures="0" tests="2" name="tests.TestLogin" time="22.552" errors="0" timestamp="08 feb. 2021 03:41:58 GMT" skipped="0">
  <testcase classname="tests.TestLogin" name="loginInvalidMail" time="11.160"/>
  <testcase classname="tests.TestLogin" name="loginMailRequire" time="11.392"/>
</testsuite> <!-- tests.TestLogin -->
