<?xml version="1.0" encoding="UTF-8"?>
<!-- Generated by org.testng.reporters.JUnitReportReporter -->
<testsuite hostname="DESKTOP-KUI21LC" failures="0" tests="6" name="tests.TestSearch" time="37.884" errors="0" timestamp="05 feb. 2021 06:59:15 GMT" skipped="4">
  <testcase classname="tests.TestSearch" name="searchEmpty" time="18.521"/>
  <testcase classname="tests.TestSearch" name="searchShirt" time="19.363"/>
  <testcase classname="tests.TestSearch" name="searchDress">
    <skipped/>
  </testcase> <!-- searchDress -->
  <testcase classname="tests.TestSearch" name="searchCantShirt">
    <skipped/>
  </testcase> <!-- searchCantShirt -->
  <testcase classname="tests.TestSearch" name="searchCantDress">
    <skipped/>
  </testcase> <!-- searchCantDress -->
  <testcase classname="tests.TestSearch" name="searchWomen">
    <skipped/>
  </testcase> <!-- searchWomen -->
</testsuite> <!-- tests.TestSearch -->
