<?xml version="1.0" encoding="UTF-8"?>
<!-- Generated by org.testng.reporters.JUnitReportReporter -->
<testsuite hostname="DESKTOP-KUI21LC" failures="0" tests="11" name="tests.Tests" time="9.629" errors="0" timestamp="04 feb. 2021 05:30:05 GMT" skipped="10">
  <testcase classname="tests.Tests" name="bloqueInf" time="9.629"/>
  <testcase classname="tests.Tests" name="searchWomen">
    <skipped/>
  </testcase> <!-- searchWomen -->
  <testcase classname="tests.Tests" name="searchCantShirt">
    <skipped/>
  </testcase> <!-- searchCantShirt -->
  <testcase classname="tests.Tests" name="verifColor">
    <skipped/>
  </testcase> <!-- verifColor -->
  <testcase classname="tests.Tests" name="searchEmpty">
    <skipped/>
  </testcase> <!-- searchEmpty -->
  <testcase classname="tests.Tests" name="productDet">
    <skipped/>
  </testcase> <!-- productDet -->
  <testcase classname="tests.Tests" name="loginInvalidMail">
    <skipped/>
  </testcase> <!-- loginInvalidMail -->
  <testcase classname="tests.Tests" name="loginMailRequire">
    <skipped/>
  </testcase> <!-- loginMailRequire -->
  <testcase classname="tests.Tests" name="searchDress">
    <skipped/>
  </testcase> <!-- searchDress -->
  <testcase classname="tests.Tests" name="searchCantDress">
    <skipped/>
  </testcase> <!-- searchCantDress -->
  <testcase classname="tests.Tests" name="searchShirt">
    <skipped/>
  </testcase> <!-- searchShirt -->
</testsuite> <!-- tests.Tests -->
