<?xml version="1.0" encoding="UTF-8"?>
<!-- Generated by org.testng.reporters.JUnitReportReporter -->
<testsuite hostname="DESKTOP-KUI21LC" failures="0" tests="1" name="tests.TestMisc" time="10.933" errors="0" timestamp="08 feb. 2021 03:46:10 GMT" skipped="0">
  <testcase classname="tests.TestMisc" name="productDet" time="10.933"/>
</testsuite> <!-- tests.TestMisc -->
