<?xml version="1.0" encoding="UTF-8"?>
<!-- Generated by org.testng.reporters.JUnitReportReporter -->
<testsuite hostname="DESKTOP-KUI21LC" failures="0" tests="2" name="tests.TestLogin" time="52.398" errors="0" timestamp="05 feb. 2021 06:59:15 GMT" skipped="0">
  <testcase classname="tests.TestLogin" name="loginInvalidMail" time="21.772"/>
  <testcase classname="tests.TestLogin" name="loginMailRequire" time="30.626"/>
</testsuite> <!-- tests.TestLogin -->
