<?xml version="1.0" encoding="UTF-8"?>
<!-- Generated by org.testng.reporters.JUnitReportReporter -->
<testsuite hostname="DESKTOP-KUI21LC" failures="0" tests="2" name="tests.TestHomeStatus" time="16.843" errors="0" timestamp="05 feb. 2021 20:30:37 GMT" skipped="1">
  <testcase classname="tests.TestHomeStatus" name="bloqueInf" time="16.843"/>
  <testcase classname="tests.TestHomeStatus" name="verifColor">
    <skipped/>
  </testcase> <!-- verifColor -->
</testsuite> <!-- tests.TestHomeStatus -->
