<?xml version="1.0" encoding="UTF-8"?>
<!-- Generated by org.testng.reporters.JUnitReportReporter -->
<testsuite hostname="DESKTOP-KUI21LC" failures="0" tests="2" name="tests.TestHomeStatus" time="7.286" errors="0" timestamp="09 feb. 2021 05:19:40 GMT" skipped="1">
  <testcase classname="tests.TestHomeStatus" name="formatInf" time="7.286"/>
  <testcase classname="tests.TestHomeStatus" name="verifColorOffPrices">
    <skipped/>
  </testcase> <!-- verifColorOffPrices -->
</testsuite> <!-- tests.TestHomeStatus -->
